<?xml version="1.0" encoding="UTF-8"?>
<!-- Generated by org.testng.reporters.JUnitXMLReporter -->
<testsuite ignored="0" hostname="AirvonSivananda" failures="0" tests="9" name="Surefire test" time="4.122" errors="0" timestamp="2026-05-04T10:33:54 CEST">
  <testcase classname="com.appiumdemo.base.BaseTest" name="@BeforeMethod setUp" time="3.917">
    <failure type="org.openqa.selenium.SessionNotCreatedException" message="Could not start a new session. Response code 500. Message: The application at &amp;apos;/Users/shivanandadarura/VsProjects/appiumdemo/resources/ApiDemos-debug.apk&amp;apos; does not exist or is not accessible 
Host info: host: &amp;apos;AirvonSivananda&amp;apos;, ip: &amp;apos;2a02:3100:1808:d00:d415:6bb:cc0e:15b0%en0&amp;apos;
Build info: version: &amp;apos;4.13.0&amp;apos;, revision: &amp;apos;ba948ece5b*&amp;apos;
System info: os.name: &amp;apos;Mac OS X&amp;apos;, os.arch: &amp;apos;x86_64&amp;apos;, os.version: &amp;apos;12.7.6&amp;apos;, java.version: &amp;apos;25.0.3&amp;apos;
Driver info: io.appium.java_client.android.AndroidDriver
Command: [null, newSession {capabilities=[{appium:app=/Users/shivanandadarura/VsProjects/appiumdemo/resources/ApiDemos-debug.apk, appium:automationName=UiAutomator2, appium:deviceName=emulator-5554, platformName=ANDROID}], desiredCapabilities=Capabilities {appium:app: /Users/shivanandadarura/VsP..., automationName: UiAutomator2, deviceName: emulator-5554, platformName: ANDROID}}]
Capabilities {appium:app: /Users/shivanandadarura/VsP..., automationName: UiAutomator2, deviceName: emulator-5554, platformName: ANDROID}">
      <![CDATA[org.openqa.selenium.SessionNotCreatedException: Could not start a new session. Response code 500. Message: The application at '/Users/shivanandadarura/VsProjects/appiumdemo/resources/ApiDemos-debug.apk' does not exist or is not accessible 
Host info: host: 'AirvonSivananda', ip: '2a02:3100:1808:d00:d415:6bb:cc0e:15b0%en0'
Build info: version: '4.13.0', revision: 'ba948ece5b*'
System info: os.name: 'Mac OS X', os.arch: 'x86_64', os.version: '12.7.6', java.version: '25.0.3'
Driver info: io.appium.java_client.android.AndroidDriver
Command: [null, newSession {capabilities=[{appium:app=/Users/shivanandadarura/VsProjects/appiumdemo/resources/ApiDemos-debug.apk, appium:automationName=UiAutomator2, appium:deviceName=emulator-5554, platformName=ANDROID}], desiredCapabilities=Capabilities {appium:app: /Users/shivanandadarura/VsP..., automationName: UiAutomator2, deviceName: emulator-5554, platformName: ANDROID}}]
Capabilities {appium:app: /Users/shivanandadarura/VsP..., automationName: UiAutomator2, deviceName: emulator-5554, platformName: ANDROID}
at org.openqa.selenium.remote.ProtocolHandshake.createSession(ProtocolHandshake.java:140)
at io.appium.java_client.remote.AppiumProtocolHandshake.createSession(AppiumProtocolHandshake.java:133)
at io.appium.java_client.remote.AppiumProtocolHandshake.createSession(AppiumProtocolHandshake.java:102)
at io.appium.java_client.remote.AppiumCommandExecutor.createSession(AppiumCommandExecutor.java:182)
at io.appium.java_client.remote.AppiumCommandExecutor.execute(AppiumCommandExecutor.java:250)
at org.openqa.selenium.remote.RemoteWebDriver.execute(RemoteWebDriver.java:602)
at io.appium.java_client.AppiumDriver.startSession(AppiumDriver.java:274)
at org.openqa.selenium.remote.RemoteWebDriver.<init>(RemoteWebDriver.java:163)
at io.appium.java_client.AppiumDriver.<init>(AppiumDriver.java:89)
at io.appium.java_client.AppiumDriver.<init>(AppiumDriver.java:101)
at io.appium.java_client.android.AndroidDriver.<init>(AndroidDriver.java:113)
at com.appiumdemo.base.BaseTest.setUp(BaseTest.java:22)
at java.base/java.util.ArrayList.forEach(ArrayList.java:1604)
... Removed 36 stack frames]]>
    </failure>
  </testcase> <!-- @BeforeMethod setUp -->
  <testcase classname="com.appiumdemo.base.BaseTest" name="@AfterMethod tearDown" time="0.0">
    <skipped/>
  </testcase> <!-- @AfterMethod tearDown -->
  <testcase classname="com.appiumdemo.base.BaseTest" name="@BeforeMethod setUp" time="0.0">
    <skipped/>
  </testcase> <!-- @BeforeMethod setUp -->
  <testcase classname="com.appiumdemo.base.BaseTest" name="@AfterMethod tearDown" time="0.0">
    <skipped/>
  </testcase> <!-- @AfterMethod tearDown -->
  <testcase classname="com.appiumdemo.base.BaseTest" name="@BeforeMethod setUp" time="0.0">
    <skipped/>
  </testcase> <!-- @BeforeMethod setUp -->
  <testcase classname="com.appiumdemo.base.BaseTest" name="@AfterMethod tearDown" time="0.0">
    <skipped/>
  </testcase> <!-- @AfterMethod tearDown -->
  <testcase classname="com.appiumdemo.base.BaseTest" name="@BeforeMethod setUp" time="0.0">
    <skipped/>
  </testcase> <!-- @BeforeMethod setUp -->
  <testcase classname="com.appiumdemo.base.BaseTest" name="@AfterMethod tearDown" time="0.0">
    <skipped/>
  </testcase> <!-- @AfterMethod tearDown -->
  <testcase classname="com.appiumdemo.base.BaseTest" name="@BeforeMethod setUp" time="0.0">
    <skipped/>
  </testcase> <!-- @BeforeMethod setUp -->
  <testcase classname="com.appiumdemo.base.BaseTest" name="@AfterMethod tearDown" time="0.0">
    <skipped/>
  </testcase> <!-- @AfterMethod tearDown -->
  <testcase classname="com.appiumdemo.base.BaseTest" name="@BeforeMethod setUp" time="0.0">
    <skipped/>
  </testcase> <!-- @BeforeMethod setUp -->
  <testcase classname="com.appiumdemo.base.BaseTest" name="@AfterMethod tearDown" time="0.0">
    <skipped/>
  </testcase> <!-- @AfterMethod tearDown -->
  <testcase classname="com.appiumdemo.base.BaseTest" name="@BeforeMethod setUp" time="0.0">
    <skipped/>
  </testcase> <!-- @BeforeMethod setUp -->
  <testcase classname="com.appiumdemo.base.BaseTest" name="@AfterMethod tearDown" time="0.0">
    <skipped/>
  </testcase> <!-- @AfterMethod tearDown -->
  <testcase classname="com.appiumdemo.base.BaseTest" name="@BeforeMethod setUp" time="0.0">
    <skipped/>
  </testcase> <!-- @BeforeMethod setUp -->
  <testcase classname="com.appiumdemo.base.BaseTest" name="@AfterMethod tearDown" time="0.0">
    <skipped/>
  </testcase> <!-- @AfterMethod tearDown -->
  <testcase classname="com.appiumdemo.base.BaseTest" name="@BeforeMethod setUp" time="0.0">
    <skipped/>
  </testcase> <!-- @BeforeMethod setUp -->
  <testcase classname="com.appiumdemo.base.BaseTest" name="@AfterMethod tearDown" time="0.0">
    <skipped/>
  </testcase> <!-- @AfterMethod tearDown -->
  <testcase classname="com.appiumdemo.tests.ApiDemosTests" name="AlertDialogsTest" time="0.0">
    <skipped/>
  </testcase> <!-- AlertDialogsTest -->
  <testcase classname="com.appiumdemo.tests.ApiDemosTests" name="ControlsTest" time="0.0">
    <skipped/>
  </testcase> <!-- ControlsTest -->
  <testcase classname="com.appiumdemo.tests.ApiDemosTests" name="ExpandableListTest" time="0.0">
    <skipped/>
  </testcase> <!-- ExpandableListTest -->
  <testcase classname="com.appiumdemo.tests.ApiDemosTests" name="HorizontalScrollTest" time="0.0">
    <skipped/>
  </testcase> <!-- HorizontalScrollTest -->
  <testcase classname="com.appiumdemo.tests.ApiDemosTests" name="ListsTest" time="0.0">
    <skipped/>
  </testcase> <!-- ListsTest -->
  <testcase classname="com.appiumdemo.tests.ApiDemosTests" name="LogTextBoxTest" time="0.0">
    <skipped/>
  </testcase> <!-- LogTextBoxTest -->
  <testcase classname="com.appiumdemo.tests.ApiDemosTests" name="ProgressBarTest" time="0.0">
    <skipped/>
  </testcase> <!-- ProgressBarTest -->
  <testcase classname="com.appiumdemo.tests.ApiDemosTests" name="ScrollViewTest" time="0.0">
    <skipped/>
  </testcase> <!-- ScrollViewTest -->
  <testcase classname="com.appiumdemo.tests.ApiDemosTests" name="testAlertDialogFlow" time="0.0">
    <skipped/>
  </testcase> <!-- testAlertDialogFlow -->
</testsuite> <!-- Surefire test -->
