<?xml version="1.0" encoding="UTF-8"?>
<testsuite xmlns:xsi="http://www.w3.org/2001/XMLSchema-instance" xsi:noNamespaceSchemaLocation="https://maven.apache.org/surefire/maven-surefire-plugin/xsd/surefire-test-report.xsd" name="TestSuite" time="6.232" tests="27" errors="0" skipped="26" failures="1">
  <properties>
[...]
</properties>
  <testcase name="setUp" classname="com.appiumdemo.tests.ApiDemosTests" time="5.347">
    <failure message="Could not start a new session. Response code 500. Message: The application at &apos;/Users/shivanandadarura/VsProjects/appiumdemo/resources/ApiDemos-debug.apk&apos; does not exist or is not accessible &#10;Host info: host: &apos;AirvonSivananda&apos;, ip: &apos;2a02:3100:1808:d00:d415:6bb:cc0e:15b0%en0&apos;&#10;Build info: version: &apos;4.13.0&apos;, revision: &apos;ba948ece5b*&apos;&#10;System info: os.name: &apos;Mac OS X&apos;, os.arch: &apos;x86_64&apos;, os.version: &apos;12.7.6&apos;, java.version: &apos;25.0.3&apos;&#10;Driver info: io.appium.java_client.android.AndroidDriver&#10;Command: [null, newSession {capabilities=[{appium:app=/Users/shivanandadarura/VsProjects/appiumdemo/resources/ApiDemos-debug.apk, appium:automationName=UiAutomator2, appium:deviceName=emulator-5554, platformName=ANDROID}], desiredCapabilities=Capabilities {appium:app: /Users/shivanandadarura/VsP..., automationName: UiAutomator2, deviceName: emulator-5554, platformName: ANDROID}}]&#10;Capabilities {appium:app: /Users/shivanandadarura/VsP..., automationName: UiAutomator2, deviceName: emulator-5554, platformName: ANDROID}" type="org.openqa.selenium.SessionNotCreatedException">org.openqa.selenium.SessionNotCreatedException: 
Could not start a new session. Response code 500. Message: The application at '/Users/shivanandadarura/VsProjects/appiumdemo/resources/ApiDemos-debug.apk' does not exist or is not accessible 
Host info: host: 'AirvonSivananda', ip: '2a02:3100:1808:d00:d415:6bb:cc0e:15b0%en0'
Build info: version: '4.13.0', revision: 'ba948ece5b*'
System info: os.name: 'Mac OS X', os.arch: 'x86_64', os.version: '12.7.6', java.version: '25.0.3'
Driver info: io.appium.java_client.android.AndroidDriver
Command: [null, newSession {capabilities=[{appium:app=/Users/shivanandadarura/VsProjects/appiumdemo/resources/ApiDemos-debug.apk, appium:automationName=UiAutomator2, appium:deviceName=emulator-5554, platformName=ANDROID}], desiredCapabilities=Capabilities {appium:app: /Users/shivanandadarura/VsP..., automationName: UiAutomator2, deviceName: emulator-5554, platformName: ANDROID}}]
Capabilities {appium:app: /Users/shivanandadarura/VsP..., automationName: UiAutomator2, deviceName: emulator-5554, platformName: ANDROID}
</failure>
    <system-err><![CDATA[SLF4J: No SLF4J providers were found.
SLF4J: Defaulting to no-operation (NOP) logger implementation
SLF4J: See https://www.slf4j.org/codes.html#noProviders for further details.
]]></system-err>
  </testcase>
  <testcase name="setUp" classname="com.appiumdemo.tests.ApiDemosTests" time="0">
    <skipped/>
  </testcase>
  <testcase name="setUp" classname="com.appiumdemo.tests.ApiDemosTests" time="0">
    <skipped/>
  </testcase>
  <testcase name="setUp" classname="com.appiumdemo.tests.ApiDemosTests" time="0">
    <skipped/>
  </testcase>
  <testcase name="setUp" classname="com.appiumdemo.tests.ApiDemosTests" time="0">
    <skipped/>
  </testcase>
  <testcase name="setUp" classname="com.appiumdemo.tests.ApiDemosTests" time="0">
    <skipped/>
  </testcase>
  <testcase name="setUp" classname="com.appiumdemo.tests.ApiDemosTests" time="0">
    <skipped/>
  </testcase>
  <testcase name="setUp" classname="com.appiumdemo.tests.ApiDemosTests" time="0">
    <skipped/>
  </testcase>
  <testcase name="setUp" classname="com.appiumdemo.tests.ApiDemosTests" time="0">
    <skipped/>
  </testcase>
  <testcase name="AlertDialogsTest" classname="com.appiumdemo.tests.ApiDemosTests" time="0">
    <skipped message="Could not start a new session. Response code 500. Message: The application at &apos;/Users/shivanandadarura/VsProjects/appiumdemo/resources/ApiDemos-debug.apk&apos; does not exist or is not accessible &#10;Host info: host: &apos;AirvonSivananda&apos;, ip: &apos;2a02:3100:1808:d00:d415:6bb:cc0e:15b0%en0&apos;&#10;Build info: version: &apos;4.13.0&apos;, revision: &apos;ba948ece5b*&apos;&#10;System info: os.name: &apos;Mac OS X&apos;, os.arch: &apos;x86_64&apos;, os.version: &apos;12.7.6&apos;, java.version: &apos;25.0.3&apos;&#10;Driver info: io.appium.java_client.android.AndroidDriver&#10;Command: [null, newSession {capabilities=[{appium:app=/Users/shivanandadarura/VsProjects/appiumdemo/resources/ApiDemos-debug.apk, appium:automationName=UiAutomator2, appium:deviceName=emulator-5554, platformName=ANDROID}], desiredCapabilities=Capabilities {appium:app: /Users/shivanandadarura/VsP..., automationName: UiAutomator2, deviceName: emulator-5554, platformName: ANDROID}}]&#10;Capabilities {appium:app: /Users/shivanandadarura/VsP..., automationName: UiAutomator2, deviceName: emulator-5554, platformName: ANDROID}"/>
  </testcase>
  <testcase name="tearDown" classname="com.appiumdemo.tests.ApiDemosTests" time="0">
    <skipped/>
  </testcase>
  <testcase name="tearDown" classname="com.appiumdemo.tests.ApiDemosTests" time="0">
    <skipped/>
  </testcase>
  <testcase name="tearDown" classname="com.appiumdemo.tests.ApiDemosTests" time="0">
    <skipped/>
  </testcase>
  <testcase name="tearDown" classname="com.appiumdemo.tests.ApiDemosTests" time="0">
    <skipped/>
  </testcase>
  <testcase name="tearDown" classname="com.appiumdemo.tests.ApiDemosTests" time="0">
    <skipped/>
  </testcase>
  <testcase name="tearDown" classname="com.appiumdemo.tests.ApiDemosTests" time="0">
    <skipped/>
  </testcase>
  <testcase name="tearDown" classname="com.appiumdemo.tests.ApiDemosTests" time="0">
    <skipped/>
  </testcase>
  <testcase name="tearDown" classname="com.appiumdemo.tests.ApiDemosTests" time="0">
    <skipped/>
  </testcase>
  <testcase name="tearDown" classname="com.appiumdemo.tests.ApiDemosTests" time="0">
    <skipped/>
  </testcase>
  <testcase name="ControlsTest" classname="com.appiumdemo.tests.ApiDemosTests" time="0">
    <skipped message="Could not start a new session. Response code 500. Message: The application at &apos;/Users/shivanandadarura/VsProjects/appiumdemo/resources/ApiDemos-debug.apk&apos; does not exist or is not accessible &#10;Host info: host: &apos;AirvonSivananda&apos;, ip: &apos;2a02:3100:1808:d00:d415:6bb:cc0e:15b0%en0&apos;&#10;Build info: version: &apos;4.13.0&apos;, revision: &apos;ba948ece5b*&apos;&#10;System info: os.name: &apos;Mac OS X&apos;, os.arch: &apos;x86_64&apos;, os.version: &apos;12.7.6&apos;, java.version: &apos;25.0.3&apos;&#10;Driver info: io.appium.java_client.android.AndroidDriver&#10;Command: [null, newSession {capabilities=[{appium:app=/Users/shivanandadarura/VsProjects/appiumdemo/resources/ApiDemos-debug.apk, appium:automationName=UiAutomator2, appium:deviceName=emulator-5554, platformName=ANDROID}], desiredCapabilities=Capabilities {appium:app: /Users/shivanandadarura/VsP..., automationName: UiAutomator2, deviceName: emulator-5554, platformName: ANDROID}}]&#10;Capabilities {appium:app: /Users/shivanandadarura/VsP..., automationName: UiAutomator2, deviceName: emulator-5554, platformName: ANDROID}"/>
  </testcase>
  <testcase name="ExpandableListTest" classname="com.appiumdemo.tests.ApiDemosTests" time="0">
    <skipped message="Could not start a new session. Response code 500. Message: The application at &apos;/Users/shivanandadarura/VsProjects/appiumdemo/resources/ApiDemos-debug.apk&apos; does not exist or is not accessible &#10;Host info: host: &apos;AirvonSivananda&apos;, ip: &apos;2a02:3100:1808:d00:d415:6bb:cc0e:15b0%en0&apos;&#10;Build info: version: &apos;4.13.0&apos;, revision: &apos;ba948ece5b*&apos;&#10;System info: os.name: &apos;Mac OS X&apos;, os.arch: &apos;x86_64&apos;, os.version: &apos;12.7.6&apos;, java.version: &apos;25.0.3&apos;&#10;Driver info: io.appium.java_client.android.AndroidDriver&#10;Command: [null, newSession {capabilities=[{appium:app=/Users/shivanandadarura/VsProjects/appiumdemo/resources/ApiDemos-debug.apk, appium:automationName=UiAutomator2, appium:deviceName=emulator-5554, platformName=ANDROID}], desiredCapabilities=Capabilities {appium:app: /Users/shivanandadarura/VsP..., automationName: UiAutomator2, deviceName: emulator-5554, platformName: ANDROID}}]&#10;Capabilities {appium:app: /Users/shivanandadarura/VsP..., automationName: UiAutomator2, deviceName: emulator-5554, platformName: ANDROID}"/>
  </testcase>
  <testcase name="HorizontalScrollTest" classname="com.appiumdemo.tests.ApiDemosTests" time="0">
    <skipped message="Could not start a new session. Response code 500. Message: The application at &apos;/Users/shivanandadarura/VsProjects/appiumdemo/resources/ApiDemos-debug.apk&apos; does not exist or is not accessible &#10;Host info: host: &apos;AirvonSivananda&apos;, ip: &apos;2a02:3100:1808:d00:d415:6bb:cc0e:15b0%en0&apos;&#10;Build info: version: &apos;4.13.0&apos;, revision: &apos;ba948ece5b*&apos;&#10;System info: os.name: &apos;Mac OS X&apos;, os.arch: &apos;x86_64&apos;, os.version: &apos;12.7.6&apos;, java.version: &apos;25.0.3&apos;&#10;Driver info: io.appium.java_client.android.AndroidDriver&#10;Command: [null, newSession {capabilities=[{appium:app=/Users/shivanandadarura/VsProjects/appiumdemo/resources/ApiDemos-debug.apk, appium:automationName=UiAutomator2, appium:deviceName=emulator-5554, platformName=ANDROID}], desiredCapabilities=Capabilities {appium:app: /Users/shivanandadarura/VsP..., automationName: UiAutomator2, deviceName: emulator-5554, platformName: ANDROID}}]&#10;Capabilities {appium:app: /Users/shivanandadarura/VsP..., automationName: UiAutomator2, deviceName: emulator-5554, platformName: ANDROID}"/>
  </testcase>
  <testcase name="ListsTest" classname="com.appiumdemo.tests.ApiDemosTests" time="0">
    <skipped message="Could not start a new session. Response code 500. Message: The application at &apos;/Users/shivanandadarura/VsProjects/appiumdemo/resources/ApiDemos-debug.apk&apos; does not exist or is not accessible &#10;Host info: host: &apos;AirvonSivananda&apos;, ip: &apos;2a02:3100:1808:d00:d415:6bb:cc0e:15b0%en0&apos;&#10;Build info: version: &apos;4.13.0&apos;, revision: &apos;ba948ece5b*&apos;&#10;System info: os.name: &apos;Mac OS X&apos;, os.arch: &apos;x86_64&apos;, os.version: &apos;12.7.6&apos;, java.version: &apos;25.0.3&apos;&#10;Driver info: io.appium.java_client.android.AndroidDriver&#10;Command: [null, newSession {capabilities=[{appium:app=/Users/shivanandadarura/VsProjects/appiumdemo/resources/ApiDemos-debug.apk, appium:automationName=UiAutomator2, appium:deviceName=emulator-5554, platformName=ANDROID}], desiredCapabilities=Capabilities {appium:app: /Users/shivanandadarura/VsP..., automationName: UiAutomator2, deviceName: emulator-5554, platformName: ANDROID}}]&#10;Capabilities {appium:app: /Users/shivanandadarura/VsP..., automationName: UiAutomator2, deviceName: emulator-5554, platformName: ANDROID}"/>
  </testcase>
  <testcase name="LogTextBoxTest" classname="com.appiumdemo.tests.ApiDemosTests" time="0">
    <skipped message="Could not start a new session. Response code 500. Message: The application at &apos;/Users/shivanandadarura/VsProjects/appiumdemo/resources/ApiDemos-debug.apk&apos; does not exist or is not accessible &#10;Host info: host: &apos;AirvonSivananda&apos;, ip: &apos;2a02:3100:1808:d00:d415:6bb:cc0e:15b0%en0&apos;&#10;Build info: version: &apos;4.13.0&apos;, revision: &apos;ba948ece5b*&apos;&#10;System info: os.name: &apos;Mac OS X&apos;, os.arch: &apos;x86_64&apos;, os.version: &apos;12.7.6&apos;, java.version: &apos;25.0.3&apos;&#10;Driver info: io.appium.java_client.android.AndroidDriver&#10;Command: [null, newSession {capabilities=[{appium:app=/Users/shivanandadarura/VsProjects/appiumdemo/resources/ApiDemos-debug.apk, appium:automationName=UiAutomator2, appium:deviceName=emulator-5554, platformName=ANDROID}], desiredCapabilities=Capabilities {appium:app: /Users/shivanandadarura/VsP..., automationName: UiAutomator2, deviceName: emulator-5554, platformName: ANDROID}}]&#10;Capabilities {appium:app: /Users/shivanandadarura/VsP..., automationName: UiAutomator2, deviceName: emulator-5554, platformName: ANDROID}"/>
  </testcase>
  <testcase name="ProgressBarTest" classname="com.appiumdemo.tests.ApiDemosTests" time="0">
    <skipped message="Could not start a new session. Response code 500. Message: The application at &apos;/Users/shivanandadarura/VsProjects/appiumdemo/resources/ApiDemos-debug.apk&apos; does not exist or is not accessible &#10;Host info: host: &apos;AirvonSivananda&apos;, ip: &apos;2a02:3100:1808:d00:d415:6bb:cc0e:15b0%en0&apos;&#10;Build info: version: &apos;4.13.0&apos;, revision: &apos;ba948ece5b*&apos;&#10;System info: os.name: &apos;Mac OS X&apos;, os.arch: &apos;x86_64&apos;, os.version: &apos;12.7.6&apos;, java.version: &apos;25.0.3&apos;&#10;Driver info: io.appium.java_client.android.AndroidDriver&#10;Command: [null, newSession {capabilities=[{appium:app=/Users/shivanandadarura/VsProjects/appiumdemo/resources/ApiDemos-debug.apk, appium:automationName=UiAutomator2, appium:deviceName=emulator-5554, platformName=ANDROID}], desiredCapabilities=Capabilities {appium:app: /Users/shivanandadarura/VsP..., automationName: UiAutomator2, deviceName: emulator-5554, platformName: ANDROID}}]&#10;Capabilities {appium:app: /Users/shivanandadarura/VsP..., automationName: UiAutomator2, deviceName: emulator-5554, platformName: ANDROID}"/>
  </testcase>
  <testcase name="ScrollViewTest" classname="com.appiumdemo.tests.ApiDemosTests" time="0">
    <skipped message="Could not start a new session. Response code 500. Message: The application at &apos;/Users/shivanandadarura/VsProjects/appiumdemo/resources/ApiDemos-debug.apk&apos; does not exist or is not accessible &#10;Host info: host: &apos;AirvonSivananda&apos;, ip: &apos;2a02:3100:1808:d00:d415:6bb:cc0e:15b0%en0&apos;&#10;Build info: version: &apos;4.13.0&apos;, revision: &apos;ba948ece5b*&apos;&#10;System info: os.name: &apos;Mac OS X&apos;, os.arch: &apos;x86_64&apos;, os.version: &apos;12.7.6&apos;, java.version: &apos;25.0.3&apos;&#10;Driver info: io.appium.java_client.android.AndroidDriver&#10;Command: [null, newSession {capabilities=[{appium:app=/Users/shivanandadarura/VsProjects/appiumdemo/resources/ApiDemos-debug.apk, appium:automationName=UiAutomator2, appium:deviceName=emulator-5554, platformName=ANDROID}], desiredCapabilities=Capabilities {appium:app: /Users/shivanandadarura/VsP..., automationName: UiAutomator2, deviceName: emulator-5554, platformName: ANDROID}}]&#10;Capabilities {appium:app: /Users/shivanandadarura/VsP..., automationName: UiAutomator2, deviceName: emulator-5554, platformName: ANDROID}"/>
  </testcase>
  <testcase name="testAlertDialogFlow" classname="com.appiumdemo.tests.ApiDemosTests" time="0">
    <skipped message="Could not start a new session. Response code 500. Message: The application at &apos;/Users/shivanandadarura/VsProjects/appiumdemo/resources/ApiDemos-debug.apk&apos; does not exist or is not accessible &#10;Host info: host: &apos;AirvonSivananda&apos;, ip: &apos;2a02:3100:1808:d00:d415:6bb:cc0e:15b0%en0&apos;&#10;Build info: version: &apos;4.13.0&apos;, revision: &apos;ba948ece5b*&apos;&#10;System info: os.name: &apos;Mac OS X&apos;, os.arch: &apos;x86_64&apos;, os.version: &apos;12.7.6&apos;, java.version: &apos;25.0.3&apos;&#10;Driver info: io.appium.java_client.android.AndroidDriver&#10;Command: [null, newSession {capabilities=[{appium:app=/Users/shivanandadarura/VsProjects/appiumdemo/resources/ApiDemos-debug.apk, appium:automationName=UiAutomator2, appium:deviceName=emulator-5554, platformName=ANDROID}], desiredCapabilities=Capabilities {appium:app: /Users/shivanandadarura/VsP..., automationName: UiAutomator2, deviceName: emulator-5554, platformName: ANDROID}}]&#10;Capabilities {appium:app: /Users/shivanandadarura/VsP..., automationName: UiAutomator2, deviceName: emulator-5554, platformName: ANDROID}"/>
  </testcase>
</testsuite>