<?xml version="1.0" encoding="UTF-8"?>
<!-- Generated by org.testng.reporters.JUnitReportReporter -->
<testsuite hostname="AirvonSivananda" failures="0" tests="10" name="com.appiumdemo.tests.ApiDemosTests" time="3.917" errors="1" timestamp="2026-05-04T10:33:54 CEST" skipped="9">
  <testcase classname="com.appiumdemo.tests.ApiDemosTests" name="AlertDialogsTest" time="0.000">
    <skipped/>
  </testcase> <!-- AlertDialogsTest -->
  <testcase classname="com.appiumdemo.tests.ApiDemosTests" name="HorizontalScrollTest" time="0.000">
    <skipped/>
  </testcase> <!-- HorizontalScrollTest -->
  <testcase classname="com.appiumdemo.tests.ApiDemosTests" name="ListsTest" time="0.000">
    <skipped/>
  </testcase> <!-- ListsTest -->
  <testcase classname="com.appiumdemo.tests.ApiDemosTests" name="LogTextBoxTest" time="0.000">
    <skipped/>
  </testcase> <!-- LogTextBoxTest -->
  <testcase classname="com.appiumdemo.tests.ApiDemosTests" name="setUp" time="3.917">
    <error message="Could not start a new session. Response code 500. Message: The application at &#039;/Users/shivanandadarura/VsProjects/appiumdemo/resources/ApiDemos-debug.apk&#039; does not exist or is not accessible 
Host info: host: &#039;AirvonSivananda&#039;, ip: &#039;2a02:3100:1808:d00:d415:6bb:cc0e:15b0%en0&#039;
Build info: version: &#039;4.13.0&#039;, revision: &#039;ba948ece5b*&#039;
System info: os.name: &#039;Mac OS X&#039;, os.arch: &#039;x86_64&#039;, os.version: &#039;12.7.6&#039;, java.version: &#039;25.0.3&#039;
Driver info: io.appium.java_client.android.AndroidDriver
Command: [null, newSession {capabilities=[{appium:app=/Users/shivanandadarura/VsProjects/appiumdemo/resources/ApiDemos-debug.apk, appium:automationName=UiAutomator2, appium:deviceName=emulator-5554, platformName=ANDROID}], desiredCapabilities=Capabilities {appium:app: /Users/shivanandadarura/VsP..., automationName: UiAutomator2, deviceName: emulator-5554, platformName: ANDROID}}]
Capabilities {appium:app: /Users/shivanandadarura/VsP..., automationName: UiAutomator2, deviceName: emulator-5554, platformName: ANDROID}" type="org.openqa.selenium.SessionNotCreatedException">
      <![CDATA[org.openqa.selenium.SessionNotCreatedException: Could not start a new session. Response code 500. Message: The application at '/Users/shivanandadarura/VsProjects/appiumdemo/resources/ApiDemos-debug.apk' does not exist or is not accessible 
Host info: host: 'AirvonSivananda', ip: '2a02:3100:1808:d00:d415:6bb:cc0e:15b0%en0'
Build info: version: '4.13.0', revision: 'ba948ece5b*'
System info: os.name: 'Mac OS X', os.arch: 'x86_64', os.version: '12.7.6', java.version: '25.0.3'
Driver info: io.appium.java_client.android.AndroidDriver
Command: [null, newSession {capabilities=[{appium:app=/Users/shivanandadarura/VsProjects/appiumdemo/resources/ApiDemos-debug.apk, appium:automationName=UiAutomator2, appium:deviceName=emulator-5554, platformName=ANDROID}], desiredCapabilities=Capabilities {appium:app: /Users/shivanandadarura/VsP..., automationName: UiAutomator2, deviceName: emulator-5554, platformName: ANDROID}}]
Capabilities {appium:app: /Users/shivanandadarura/VsP..., automationName: UiAutomator2, deviceName: emulator-5554, platformName: ANDROID}
at org.openqa.selenium.remote.ProtocolHandshake.createSession(ProtocolHandshake.java:140)
at java.base/jdk.internal.reflect.DirectMethodHandleAccessor.invoke(DirectMethodHandleAccessor.java:104)
at java.base/java.lang.reflect.Method.invoke(Method.java:565)
at io.appium.java_client.remote.AppiumProtocolHandshake.createSession(AppiumProtocolHandshake.java:133)
at io.appium.java_client.remote.AppiumProtocolHandshake.createSession(AppiumProtocolHandshake.java:102)
at io.appium.java_client.remote.AppiumCommandExecutor.createSession(AppiumCommandExecutor.java:182)
at io.appium.java_client.remote.AppiumCommandExecutor.execute(AppiumCommandExecutor.java:250)
at org.openqa.selenium.remote.RemoteWebDriver.execute(RemoteWebDriver.java:602)
at io.appium.java_client.AppiumDriver.startSession(AppiumDriver.java:274)
at org.openqa.selenium.remote.RemoteWebDriver.<init>(RemoteWebDriver.java:163)
at io.appium.java_client.AppiumDriver.<init>(AppiumDriver.java:89)
at io.appium.java_client.AppiumDriver.<init>(AppiumDriver.java:101)
at io.appium.java_client.android.AndroidDriver.<init>(AndroidDriver.java:113)
at com.appiumdemo.base.BaseTest.setUp(BaseTest.java:22)
at java.base/jdk.internal.reflect.DirectMethodHandleAccessor.invoke(DirectMethodHandleAccessor.java:104)
at java.base/java.lang.reflect.Method.invoke(Method.java:565)
at org.testng.internal.invokers.MethodInvocationHelper.invokeMethod(MethodInvocationHelper.java:141)
at org.testng.internal.invokers.MethodInvocationHelper.invokeMethodConsideringTimeout(MethodInvocationHelper.java:71)
at org.testng.internal.invokers.ConfigInvoker.invokeConfigurationMethod(ConfigInvoker.java:400)
at org.testng.internal.invokers.ConfigInvoker.invokeConfigurations(ConfigInvoker.java:333)
at org.testng.internal.invokers.TestInvoker.runConfigMethods(TestInvoker.java:833)
at org.testng.internal.invokers.TestInvoker.invokeMethod(TestInvoker.java:600)
at org.testng.internal.invokers.TestInvoker.invokeTestMethod(TestInvoker.java:230)
at org.testng.internal.invokers.MethodRunner.runInSequence(MethodRunner.java:63)
at org.testng.internal.invokers.TestInvoker$MethodInvocationAgent.invoke(TestInvoker.java:992)
at org.testng.internal.invokers.TestInvoker.invokeTestMethods(TestInvoker.java:203)
at org.testng.internal.invokers.TestMethodWorker.invokeTestMethods(TestMethodWorker.java:154)
at org.testng.internal.invokers.TestMethodWorker.run(TestMethodWorker.java:134)
at java.base/java.util.ArrayList.forEach(ArrayList.java:1604)
at org.testng.TestRunner.privateRun(TestRunner.java:739)
at org.testng.TestRunner.run(TestRunner.java:614)
at org.testng.SuiteRunner.runTest(SuiteRunner.java:421)
at org.testng.SuiteRunner.runSequentially(SuiteRunner.java:413)
at org.testng.SuiteRunner.privateRun(SuiteRunner.java:373)
at org.testng.SuiteRunner.run(SuiteRunner.java:312)
at org.testng.SuiteRunnerWorker.runSuite(SuiteRunnerWorker.java:52)
at org.testng.SuiteRunnerWorker.run(SuiteRunnerWorker.java:95)
at org.testng.TestNG.runSuitesSequentially(TestNG.java:1274)
at org.testng.TestNG.runSuitesLocally(TestNG.java:1208)
at org.testng.TestNG.runSuites(TestNG.java:1112)
at org.testng.TestNG.run(TestNG.java:1079)
at org.apache.maven.surefire.testng.TestNGExecutor.run(TestNGExecutor.java:135)
at org.apache.maven.surefire.testng.TestNGDirectoryTestSuite.executeMulti(TestNGDirectoryTestSuite.java:193)
at org.apache.maven.surefire.testng.TestNGDirectoryTestSuite.execute(TestNGDirectoryTestSuite.java:94)
at org.apache.maven.surefire.testng.TestNGProvider.invoke(TestNGProvider.java:146)
at org.apache.maven.surefire.booter.ForkedBooter.invokeProviderInSameClassLoader(ForkedBooter.java:384)
at org.apache.maven.surefire.booter.ForkedBooter.runSuitesInProcess(ForkedBooter.java:345)
at org.apache.maven.surefire.booter.ForkedBooter.execute(ForkedBooter.java:126)
at org.apache.maven.surefire.booter.ForkedBooter.main(ForkedBooter.java:418)
]]>
    </error>
  </testcase> <!-- setUp -->
  <testcase classname="com.appiumdemo.tests.ApiDemosTests" name="ProgressBarTest" time="0.000">
    <skipped/>
  </testcase> <!-- ProgressBarTest -->
  <testcase classname="com.appiumdemo.tests.ApiDemosTests" name="testAlertDialogFlow" time="0.000">
    <skipped/>
  </testcase> <!-- testAlertDialogFlow -->
  <testcase classname="com.appiumdemo.tests.ApiDemosTests" name="ScrollViewTest" time="0.000">
    <skipped/>
  </testcase> <!-- ScrollViewTest -->
  <testcase classname="com.appiumdemo.tests.ApiDemosTests" name="ControlsTest" time="0.000">
    <skipped/>
  </testcase> <!-- ControlsTest -->
  <testcase classname="com.appiumdemo.tests.ApiDemosTests" name="ExpandableListTest" time="0.000">
    <skipped/>
  </testcase> <!-- ExpandableListTest -->
</testsuite> <!-- com.appiumdemo.tests.ApiDemosTests -->
